<?xml version="1.0" encoding="UTF-8"?>
<!-- Generated by org.testng.reporters.JUnitReportReporter -->
<testsuite skipped="0" hostname="DESKTOP-F97RQCS" name="com.autodeskcrm.contactdelete.DeleteContacWithOrgNametTest" tests="1" failures="0" timestamp="4 Aug 2020 03:06:37 GMT" time="71.501" errors="0">
  <testcase name="createContactWithOrgtest" time="71.501" classname="com.autodeskcrm.contactdelete.DeleteContacWithOrgNametTest"/>
</testsuite> <!-- com.autodeskcrm.contactdelete.DeleteContacWithOrgNametTest -->
