<?xml version="1.0" encoding="UTF-8"?>
<!-- Generated by org.testng.reporters.JUnitReportReporter -->
<testsuite skipped="0" hostname="DESKTOP-F97RQCS" name="com.autdeskcrm.conatcttest.CreateContacWithOrgNametTest" tests="1" failures="0" timestamp="4 Aug 2020 02:45:51 GMT" time="88.183" errors="0">
  <testcase name="createContactWithOrgtest" time="88.183" classname="com.autdeskcrm.conatcttest.CreateContacWithOrgNametTest"/>
</testsuite> <!-- com.autdeskcrm.conatcttest.CreateContacWithOrgNametTest -->
