<?xml version="1.0" encoding="UTF-8"?>
<!-- Generated by org.testng.reporters.JUnitReportReporter -->
<testsuite skipped="0" hostname="DESKTOP-F97RQCS" name="com.autodeskcrm.orgtest.CreateOrganizationTest" tests="1" failures="0" timestamp="3 Aug 2020 14:53:33 GMT" time="46.223" errors="0">
  <testcase name="createORgtest" time="46.223" classname="com.autodeskcrm.orgtest.CreateOrganizationTest"/>
</testsuite> <!-- com.autodeskcrm.orgtest.CreateOrganizationTest -->
