<?xml version="1.0" encoding="UTF-8"?>
<!-- Generated by org.testng.reporters.JUnitReportReporter -->
<testsuite skipped="0" hostname="DESKTOP-F97RQCS" name="com.autodeskcrm.orgdelete.CreateOrganizationTest" tests="1" failures="0" timestamp="3 Aug 2020 17:03:16 GMT" time="64.846" errors="0">
  <testcase name="createORgtest" time="64.846" classname="com.autodeskcrm.orgdelete.CreateOrganizationTest"/>
</testsuite> <!-- com.autodeskcrm.orgdelete.CreateOrganizationTest -->
